# JRE version: OpenJDK Runtime Environment Temurin-21.0.8+9 (21.0.8+9) (build 21.0.8+9-LTS)
# Java VM: OpenJDK 64-Bit Server VM Temurin-21.0.8+9 (21.0.8+9-LTS, mixed mode, sharing, tiered, compressed oops, compressed class ptrs, parallel gc, windows-amd64)
GC Precious Log:
 CardTable entry size: 512
 CPUs: 8 total, 8 available
 Memory: 16167M
 Large Page Support: Disabled
 NUMA Support: Disabled
 Compressed Oops: Enabled (32-bit)
 Alignments: Space 512K, Generation 512K, Heap 2M
 Heap Min Capacity: 100M
 Heap Initial Capacity: 100M
 Heap Max Capacity: 2G
 Pre-touch: Disabled
 Parallel Workers: 8
Heap:
 PSYoungGen      total 19968K, used 19512K [0x00000000d5580000, 0x00000000d6c00000, 0x0000000100000000)
  eden space 17920K, 100% used [0x00000000d5580000,0x00000000d6700000,0x00000000d6700000)
  from space 2048K, 77% used [0x00000000d6700000,0x00000000d688e200,0x00000000d6900000)
  to   space 2560K, 0% used [0x00000000d6980000,0x00000000d6980000,0x00000000d6c00000)
 ParOldGen       total 68608K, used 42759K [0x0000000080000000, 0x0000000084300000, 0x00000000d5580000)
  object space 68608K, 62% used [0x0000000080000000,0x00000000829c1c30,0x0000000084300000)
 Metaspace       used 61028K, committed 62400K, reserved 1114112K
  class space    used 6810K, committed 7360K, reserved 1048576K
GC Heap History (20 events):
Event: 18.999 GC heap before
{Heap before GC invocations=29 (full 2):
 PSYoungGen      total 22016K, used 14380K [0x00000000d5580000, 0x00000000d7200000, 0x0000000100000000)
  eden space 20992K, 63% used [0x00000000d5580000,0x00000000d628f338,0x00000000d6a00000)
  from space 1024K, 98% used [0x00000000d6d80000,0x00000000d6e7c010,0x00000000d6e80000)
  to   space 3584K, 0% used [0x00000000d6a00000,0x00000000d6a00000,0x00000000d6d80000)
 ParOldGen       total 68608K, used 32760K [0x0000000080000000, 0x0000000084300000, 0x00000000d5580000)
  object space 68608K, 47% used [0x0000000080000000,0x0000000081ffe028,0x0000000084300000)
 Metaspace       used 58364K, committed 59776K, reserved 1114112K
  class space    used 6520K, committed 7104K, reserved 1048576K
}
Event: 19.001 GC heap after
{Heap after GC invocations=29 (full 2):
 PSYoungGen      total 22016K, used 916K [0x00000000d5580000, 0x00000000d6f00000, 0x0000000100000000)
  eden space 20992K, 0% used [0x00000000d5580000,0x00000000d5580000,0x00000000d6a00000)
  from space 1024K, 89% used [0x00000000d6a00000,0x00000000d6ae53f8,0x00000000d6b00000)
  to   space 2048K, 0% used [0x00000000d6d00000,0x00000000d6d00000,0x00000000d6f00000)
 ParOldGen       total 68608K, used 33713K [0x0000000080000000, 0x0000000084300000, 0x00000000d5580000)
  object space 68608K, 49% used [0x0000000080000000,0x00000000820ec780,0x0000000084300000)
 Metaspace       used 58364K, committed 59776K, reserved 1114112K
  class space    used 6520K, committed 7104K, reserved 1048576K
}
Event: 19.001 GC heap before
{Heap before GC invocations=30 (full 3):
 PSYoungGen      total 22016K, used 916K [0x00000000d5580000, 0x00000000d6f00000, 0x0000000100000000)
  eden space 20992K, 0% used [0x00000000d5580000,0x00000000d5580000,0x00000000d6a00000)
  from space 1024K, 89% used [0x00000000d6a00000,0x00000000d6ae53f8,0x00000000d6b00000)
  to   space 2048K, 0% used [0x00000000d6d00000,0x00000000d6d00000,0x00000000d6f00000)
 ParOldGen       total 68608K, used 33713K [0x0000000080000000, 0x0000000084300000, 0x00000000d5580000)
  object space 68608K, 49% used [0x0000000080000000,0x00000000820ec780,0x0000000084300000)
 Metaspace       used 58364K, committed 59776K, reserved 1114112K
  class space    used 6520K, committed 7104K, reserved 1048576K
}
Event: 19.114 GC heap after
{Heap after GC invocations=30 (full 3):
 PSYoungGen      total 22016K, used 0K [0x00000000d5580000, 0x00000000d6f00000, 0x0000000100000000)
  eden space 20992K, 0% used [0x00000000d5580000,0x00000000d5580000,0x00000000d6a00000)
  from space 1024K, 0% used [0x00000000d6a00000,0x00000000d6a00000,0x00000000d6b00000)
  to   space 2048K, 0% used [0x00000000d6d00000,0x00000000d6d00000,0x00000000d6f00000)
 ParOldGen       total 68608K, used 31572K [0x0000000080000000, 0x0000000084300000, 0x00000000d5580000)
  object space 68608K, 46% used [0x0000000080000000,0x0000000081ed52e8,0x0000000084300000)
 Metaspace       used 58358K, committed 59776K, reserved 1114112K
  class space    used 6518K, committed 7104K, reserved 1048576K
}
Event: 19.783 GC heap before
{Heap before GC invocations=31 (full 3):
 PSYoungGen      total 22016K, used 20983K [0x00000000d5580000, 0x00000000d6f00000, 0x0000000100000000)
  eden space 20992K, 99% used [0x00000000d5580000,0x00000000d69fdee0,0x00000000d6a00000)
  from space 1024K, 0% used [0x00000000d6a00000,0x00000000d6a00000,0x00000000d6b00000)
  to   space 2048K, 0% used [0x00000000d6d00000,0x00000000d6d00000,0x00000000d6f00000)
 ParOldGen       total 68608K, used 31572K [0x0000000080000000, 0x0000000084300000, 0x00000000d5580000)
  object space 68608K, 46% used [0x0000000080000000,0x0000000081ed52e8,0x0000000084300000)
 Metaspace       used 59199K, committed 60608K, reserved 1114112K
  class space    used 6628K, committed 7232K, reserved 1048576K
}
Event: 19.785 GC heap after
{Heap after GC invocations=31 (full 3):
 PSYoungGen      total 21504K, used 352K [0x00000000d5580000, 0x00000000d6d80000, 0x0000000100000000)
  eden space 20992K, 0% used [0x00000000d5580000,0x00000000d5580000,0x00000000d6a00000)
  from space 512K, 68% used [0x00000000d6d00000,0x00000000d6d58000,0x00000000d6d80000)
  to   space 1024K, 0% used [0x00000000d6b80000,0x00000000d6b80000,0x00000000d6c80000)
 ParOldGen       total 68608K, used 31580K [0x0000000080000000, 0x0000000084300000, 0x00000000d5580000)
  object space 68608K, 46% used [0x0000000080000000,0x0000000081ed72e8,0x0000000084300000)
 Metaspace       used 59199K, committed 60608K, reserved 1114112K
  class space    used 6628K, committed 7232K, reserved 1048576K
}
Event: 23.392 GC heap before
{Heap before GC invocations=32 (full 3):
 PSYoungGen      total 21504K, used 21344K [0x00000000d5580000, 0x00000000d6d80000, 0x0000000100000000)
  eden space 20992K, 100% used [0x00000000d5580000,0x00000000d6a00000,0x00000000d6a00000)
  from space 512K, 68% used [0x00000000d6d00000,0x00000000d6d58000,0x00000000d6d80000)
  to   space 1024K, 0% used [0x00000000d6b80000,0x00000000d6b80000,0x00000000d6c80000)
 ParOldGen       total 68608K, used 31580K [0x0000000080000000, 0x0000000084300000, 0x00000000d5580000)
  object space 68608K, 46% used [0x0000000080000000,0x0000000081ed72e8,0x0000000084300000)
 Metaspace       used 60409K, committed 61824K, reserved 1114112K
  class space    used 6733K, committed 7296K, reserved 1048576K
}
Event: 23.395 GC heap after
{Heap after GC invocations=32 (full 3):
 PSYoungGen      total 22016K, used 992K [0x00000000d5580000, 0x00000000d6e00000, 0x0000000100000000)
  eden space 20992K, 0% used [0x00000000d5580000,0x00000000d5580000,0x00000000d6a00000)
  from space 1024K, 96% used [0x00000000d6b80000,0x00000000d6c78030,0x00000000d6c80000)
  to   space 1536K, 0% used [0x00000000d6c80000,0x00000000d6c80000,0x00000000d6e00000)
 ParOldGen       total 68608K, used 32164K [0x0000000080000000, 0x0000000084300000, 0x00000000d5580000)
  object space 68608K, 46% used [0x0000000080000000,0x0000000081f692f8,0x0000000084300000)
 Metaspace       used 60409K, committed 61824K, reserved 1114112K
  class space    used 6733K, committed 7296K, reserved 1048576K
}
Event: 23.460 GC heap before
{Heap before GC invocations=33 (full 3):
 PSYoungGen      total 22016K, used 21984K [0x00000000d5580000, 0x00000000d6e00000, 0x0000000100000000)
  eden space 20992K, 100% used [0x00000000d5580000,0x00000000d6a00000,0x00000000d6a00000)
  from space 1024K, 96% used [0x00000000d6b80000,0x00000000d6c78030,0x00000000d6c80000)
  to   space 1536K, 0% used [0x00000000d6c80000,0x00000000d6c80000,0x00000000d6e00000)
 ParOldGen       total 68608K, used 32164K [0x0000000080000000, 0x0000000084300000, 0x00000000d5580000)
  object space 68608K, 46% used [0x0000000080000000,0x0000000081f692f8,0x0000000084300000)
 Metaspace       used 60409K, committed 61824K, reserved 1114112K
  class space    used 6733K, committed 7296K, reserved 1048576K
}
Event: 23.462 GC heap after
{Heap after GC invocations=33 (full 3):
 PSYoungGen      total 22016K, used 1504K [0x00000000d5580000, 0x00000000d7000000, 0x0000000100000000)
  eden space 20480K, 0% used [0x00000000d5580000,0x00000000d5580000,0x00000000d6980000)
  from space 1536K, 97% used [0x00000000d6c80000,0x00000000d6df8010,0x00000000d6e00000)
  to   space 3072K, 0% used [0x00000000d6980000,0x00000000d6980000,0x00000000d6c80000)
 ParOldGen       total 68608K, used 33452K [0x0000000080000000, 0x0000000084300000, 0x00000000d5580000)
  object space 68608K, 48% used [0x0000000080000000,0x00000000820ab318,0x0000000084300000)
 Metaspace       used 60409K, committed 61824K, reserved 1114112K
  class space    used 6733K, committed 7296K, reserved 1048576K
}
Event: 23.590 GC heap before
{Heap before GC invocations=34 (full 3):
 PSYoungGen      total 22016K, used 21984K [0x00000000d5580000, 0x00000000d7000000, 0x0000000100000000)
  eden space 20480K, 100% used [0x00000000d5580000,0x00000000d6980000,0x00000000d6980000)
  from space 1536K, 97% used [0x00000000d6c80000,0x00000000d6df8010,0x00000000d6e00000)
  to   space 3072K, 0% used [0x00000000d6980000,0x00000000d6980000,0x00000000d6c80000)
 ParOldGen       total 68608K, used 33452K [0x0000000080000000, 0x0000000084300000, 0x00000000d5580000)
  object space 68608K, 48% used [0x0000000080000000,0x00000000820ab318,0x0000000084300000)
 Metaspace       used 60807K, committed 62208K, reserved 1114112K
  class space    used 6793K, committed 7360K, reserved 1048576K
}
Event: 23.594 GC heap after
{Heap after GC invocations=34 (full 3):
 PSYoungGen      total 23040K, used 2338K [0x00000000d5580000, 0x00000000d6e80000, 0x0000000100000000)
  eden space 20480K, 0% used [0x00000000d5580000,0x00000000d5580000,0x00000000d6980000)
  from space 2560K, 91% used [0x00000000d6980000,0x00000000d6bc8820,0x00000000d6c00000)
  to   space 2560K, 0% used [0x00000000d6c00000,0x00000000d6c00000,0x00000000d6e80000)
 ParOldGen       total 68608K, used 34916K [0x0000000080000000, 0x0000000084300000, 0x00000000d5580000)
  object space 68608K, 50% used [0x0000000080000000,0x0000000082219318,0x0000000084300000)
 Metaspace       used 60807K, committed 62208K, reserved 1114112K
  class space    used 6793K, committed 7360K, reserved 1048576K
}
Event: 23.723 GC heap before
{Heap before GC invocations=35 (full 3):
 PSYoungGen      total 23040K, used 22818K [0x00000000d5580000, 0x00000000d6e80000, 0x0000000100000000)
  eden space 20480K, 100% used [0x00000000d5580000,0x00000000d6980000,0x00000000d6980000)
  from space 2560K, 91% used [0x00000000d6980000,0x00000000d6bc8820,0x00000000d6c00000)
  to   space 2560K, 0% used [0x00000000d6c00000,0x00000000d6c00000,0x00000000d6e80000)
 ParOldGen       total 68608K, used 34916K [0x0000000080000000, 0x0000000084300000, 0x00000000d5580000)
  object space 68608K, 50% used [0x0000000080000000,0x0000000082219318,0x0000000084300000)
 Metaspace       used 60821K, committed 62208K, reserved 1114112K
  class space    used 6793K, committed 7360K, reserved 1048576K
}
Event: 23.732 GC heap after
{Heap after GC invocations=35 (full 3):
 PSYoungGen      total 23040K, used 2016K [0x00000000d5580000, 0x00000000d6e80000, 0x0000000100000000)
  eden space 20480K, 0% used [0x00000000d5580000,0x00000000d5580000,0x00000000d6980000)
  from space 2560K, 78% used [0x00000000d6c00000,0x00000000d6df8000,0x00000000d6e80000)
  to   space 2560K, 0% used [0x00000000d6980000,0x00000000d6980000,0x00000000d6c00000)
 ParOldGen       total 68608K, used 37067K [0x0000000080000000, 0x0000000084300000, 0x00000000d5580000)
  object space 68608K, 54% used [0x0000000080000000,0x0000000082432c48,0x0000000084300000)
 Metaspace       used 60821K, committed 62208K, reserved 1114112K
  class space    used 6793K, committed 7360K, reserved 1048576K
}
Event: 23.791 GC heap before
{Heap before GC invocations=36 (full 3):
 PSYoungGen      total 23040K, used 22496K [0x00000000d5580000, 0x00000000d6e80000, 0x0000000100000000)
  eden space 20480K, 100% used [0x00000000d5580000,0x00000000d6980000,0x00000000d6980000)
  from space 2560K, 78% used [0x00000000d6c00000,0x00000000d6df8000,0x00000000d6e80000)
  to   space 2560K, 0% used [0x00000000d6980000,0x00000000d6980000,0x00000000d6c00000)
 ParOldGen       total 68608K, used 37067K [0x0000000080000000, 0x0000000084300000, 0x00000000d5580000)
  object space 68608K, 54% used [0x0000000080000000,0x0000000082432c48,0x0000000084300000)
 Metaspace       used 60822K, committed 62208K, reserved 1114112K
  class space    used 6793K, committed 7360K, reserved 1048576K
}
Event: 23.795 GC heap after
{Heap after GC invocations=36 (full 3):
 PSYoungGen      total 22528K, used 1924K [0x00000000d5580000, 0x00000000d6d80000, 0x0000000100000000)
  eden space 20480K, 0% used [0x00000000d5580000,0x00000000d5580000,0x00000000d6980000)
  from space 2048K, 93% used [0x00000000d6980000,0x00000000d6b61000,0x00000000d6b80000)
  to   space 2048K, 0% used [0x00000000d6b80000,0x00000000d6b80000,0x00000000d6d80000)
 ParOldGen       total 68608K, used 39009K [0x0000000080000000, 0x0000000084300000, 0x00000000d5580000)
  object space 68608K, 56% used [0x0000000080000000,0x00000000826185f8,0x0000000084300000)
 Metaspace       used 60822K, committed 62208K, reserved 1114112K
  class space    used 6793K, committed 7360K, reserved 1048576K
}
Event: 23.871 GC heap before
{Heap before GC invocations=37 (full 3):
 PSYoungGen      total 22528K, used 22404K [0x00000000d5580000, 0x00000000d6d80000, 0x0000000100000000)
  eden space 20480K, 100% used [0x00000000d5580000,0x00000000d6980000,0x00000000d6980000)
  from space 2048K, 93% used [0x00000000d6980000,0x00000000d6b61000,0x00000000d6b80000)
  to   space 2048K, 0% used [0x00000000d6b80000,0x00000000d6b80000,0x00000000d6d80000)
 ParOldGen       total 68608K, used 39009K [0x0000000080000000, 0x0000000084300000, 0x00000000d5580000)
  object space 68608K, 56% used [0x0000000080000000,0x00000000826185f8,0x0000000084300000)
 Metaspace       used 60843K, committed 62208K, reserved 1114112K
  class space    used 6793K, committed 7360K, reserved 1048576K
}
Event: 23.876 GC heap after
{Heap after GC invocations=37 (full 3):
 PSYoungGen      total 19968K, used 2016K [0x00000000d5580000, 0x00000000d7280000, 0x0000000100000000)
  eden space 17920K, 0% used [0x00000000d5580000,0x00000000d5580000,0x00000000d6700000)
  from space 2048K, 98% used [0x00000000d6b80000,0x00000000d6d78010,0x00000000d6d80000)
  to   space 4608K, 0% used [0x00000000d6700000,0x00000000d6700000,0x00000000d6b80000)
 ParOldGen       total 68608K, used 40791K [0x0000000080000000, 0x0000000084300000, 0x00000000d5580000)
  object space 68608K, 59% used [0x0000000080000000,0x00000000827d5c20,0x0000000084300000)
 Metaspace       used 60843K, committed 62208K, reserved 1114112K
  class space    used 6793K, committed 7360K, reserved 1048576K
}
Event: 23.954 GC heap before
{Heap before GC invocations=38 (full 3):
 PSYoungGen      total 19968K, used 19936K [0x00000000d5580000, 0x00000000d7280000, 0x0000000100000000)
  eden space 17920K, 100% used [0x00000000d5580000,0x00000000d6700000,0x00000000d6700000)
  from space 2048K, 98% used [0x00000000d6b80000,0x00000000d6d78010,0x00000000d6d80000)
  to   space 4608K, 0% used [0x00000000d6700000,0x00000000d6700000,0x00000000d6b80000)
 ParOldGen       total 68608K, used 40791K [0x0000000080000000, 0x0000000084300000, 0x00000000d5580000)
  object space 68608K, 59% used [0x0000000080000000,0x00000000827d5c20,0x0000000084300000)
 Metaspace       used 60866K, committed 62208K, reserved 1114112K
  class space    used 6793K, committed 7360K, reserved 1048576K
}
Event: 23.959 GC heap after
{Heap after GC invocations=38 (full 3):
 PSYoungGen      total 19968K, used 1592K [0x00000000d5580000, 0x00000000d6c00000, 0x0000000100000000)
  eden space 17920K, 0% used [0x00000000d5580000,0x00000000d5580000,0x00000000d6700000)
  from space 2048K, 77% used [0x00000000d6700000,0x00000000d688e200,0x00000000d6900000)
  to   space 2560K, 0% used [0x00000000d6980000,0x00000000d6980000,0x00000000d6c00000)
 ParOldGen       total 68608K, used 42759K [0x0000000080000000, 0x0000000084300000, 0x00000000d5580000)
  object space 68608K, 62% used [0x0000000080000000,0x00000000829c1c30,0x0000000084300000)
 Metaspace       used 60866K, committed 62208K, reserved 1114112K
  class space    used 6793K, committed 7360K, reserved 1048576K
}

